<?xml version="1.0" encoding="UTF-8"?>
<!-- Generated by org.testng.reporters.JUnitXMLReporter -->
<testsuite ignored="0" hostname="Taksha" failures="0" tests="3" name="Default test" time="27.571" errors="0" timestamp="04 May 2022 11:52:15 GMT">
  <testcase classname="AdminPageTest.AdminPageFunctionality" name="validateAdminPage" time="0.022"/>
  <testcase classname="AdminPageTest.AdminPageFunctionality" name="createNewUser" time="6.715"/>
  <testcase classname="AdminPageTest.AdminPageFunctionality" name="deleteNewlyCreatedUser" time="2.42"/>
</testsuite> <!-- Default test -->
